C51 COMPILER V9.01   EX50                                                                  07/02/2024 13:54:09 PAGE 1   


C51 COMPILER V9.01, COMPILATION OF MODULE EX50
OBJECT MODULE PLACED IN ex50.OBJ
COMPILER INVOKED BY: C:\Keil_v5_C51\C51\BIN\C51.EXE ex50.c BROWSE DEBUG OBJECTEXTEND

line level    source

   1          // example 50
   2          // Expand the parallel output to control the flow lamp in mode 0
   3                                                                                                                                  
   4          #include <reg51.h>
   5          #include <intrins.h> // Include head file that has definition of function _nop_()
   6          
   7          // Flow lamp control code
   8          unsigned char code tab[] = {0xFE, 0xFD, 0xFB, 0xF7, 0xEF, 0xDF, 0xBF, 0x7F};
   9          sbit P17 = P1 ^ 7;
  10          
  11          // Delay about 150ms
  12          void delay(void)
  13          {
  14   1              unsigned char m, n;
  15   1      
  16   1              for(m = 0; m < 200; m++)
  17   1              {
  18   2                      for(n = 0; n < 250; n++)
  19   2                      {
  20   3                              ;
  21   3                      }
  22   2              }
  23   1      }
  24          
  25          // Send one byte data
  26          void send(unsigned char dat)
  27          {
  28   1              P17 = 0; // Pin P1.7 output 0 to clear 74LS164
  29   1              _nop_(); // Dealy for one machine cycle
  30   1              _nop_(); // One more machine cycle to make sure clear is done
  31   1              P17 = 1; // The end of clearing 74LS164
  32   1              SBUF = dat; // Write data into buffer to activate sending
  33   1      
  34   1              while(TI == 0); // Wait until sending finished
  35   1              TI = 0; // After sending successfully, reset TI to 0
  36   1      }
  37          
  38          void main(void)
  39          {
  40   1              unsigned char i;
  41   1      
  42   1              SCON = 0x00; // Let serial port works in method 0
  43   1      
  44   1              while(1)
  45   1              {
  46   2                      for(i = 0 ; i < 8; i++)
  47   2                      {
  48   3                              send(tab[i]); // Send data
  49   3                              delay();
  50   3                      }
  51   2              }
  52   1      }


MODULE INFORMATION:   STATIC OVERLAYABLE
C51 COMPILER V9.01   EX50                                                                  07/02/2024 13:54:09 PAGE 2   

   CODE SIZE        =     50    ----
   CONSTANT SIZE    =      8    ----
   XDATA SIZE       =   ----    ----
   PDATA SIZE       =   ----    ----
   DATA SIZE        =   ----    ----
   IDATA SIZE       =   ----    ----
   BIT SIZE         =   ----    ----
END OF MODULE INFORMATION.


C51 COMPILATION COMPLETE.  0 WARNING(S),  0 ERROR(S)
