C51 COMPILER V9.01   EX46                                                                  07/01/2024 10:46:57 PAGE 1   


C51 COMPILER V9.01, COMPILATION OF MODULE EX46
OBJECT MODULE PLACED IN ex46.OBJ
COMPILER INVOKED BY: C:\Keil_v5_C51\C51\BIN\C51.EXE ex46.c BROWSE DEBUG OBJECTEXTEND

line level    source

   1          // example 46
   2          #include <reg51.h>
   3          
   4          sbit sound = P3 ^ 7;
   5          
   6          void main(void)
   7          {
   8   1              EA = 1; // Enable global interrupt
   9   1      
  10   1              ET1 = 1; // T1 interrupt allowed
  11   1              TMOD = 0x10; // T1 in method1
  12   1              // Frequency for 1kHZ
  13   1              // Cycle for 1ms
  14   1              TH1 = (65536 - 461) / 256;
  15   1              TL1 = (65536 - 461) % 256;      
  16   1              TR1 = 1; // Enable T1
  17   1      
  18   1              while(1); // Infinite loop
  19   1      }
  20          
  21          void timer1(void) interrupt 3 using 0
  22          {
  23   1              sound = ~sound;
  24   1              TH1 = (65536 - 461) / 256;
  25   1              TL1 = (65536 - 461) % 256;              
  26   1      }


MODULE INFORMATION:   STATIC OVERLAYABLE
   CODE SIZE        =     26    ----
   CONSTANT SIZE    =   ----    ----
   XDATA SIZE       =   ----    ----
   PDATA SIZE       =   ----    ----
   DATA SIZE        =   ----    ----
   IDATA SIZE       =   ----    ----
   BIT SIZE         =   ----    ----
END OF MODULE INFORMATION.


C51 COMPILATION COMPLETE.  0 WARNING(S),  0 ERROR(S)
