C51 COMPILER V9.01   U1_EX52_SEND                                                          08/02/2024 15:36:00 PAGE 1   


C51 COMPILER V9.01, COMPILATION OF MODULE U1_EX52_SEND
OBJECT MODULE PLACED IN U1_ex52_send.OBJ
COMPILER INVOKED BY: C:\Keil_v5_C51\C51\BIN\C51.EXE U1_ex52_send.c BROWSE DEBUG OBJECTEXTEND

line level    source

   1          // example 52: 
   2          // send data in method 3
   3          
   4          #include <reg51.h>
   5          
   6          sbit p = PSW ^ 0; // Define p as bit 0 of the program status register (parity bit)
   7          unsigned char code tab[] = {
   8                  0xFE, 0xFD,
   9                  0xFB, 0xF7,
  10                  0xEF, 0xDF,
  11                  0xBF, 0x7F
  12          };
  13          
  14          // Send one byte data
  15          void send(unsigned char dat)
  16          {
  17   1              ACC = dat;
  18   1              // Write parity to TB8
  19   1              // Note: p will be changed by counting the amount of 1 in the ACC 
  20   1              TB8 = p;        
  21   1              SBUF = dat; // Write data to sending buffer
  22   1      
  23   1              while(TI == 0)
  24   1              {
  25   2                      ;
  26   2              }
  27   1      
  28   1              TI = 0;
  29   1      }
  30          
  31          void delay(void)
  32          {
  33   1              unsigned char m, n;
  34   1      
  35   1              for(m = 0; m < 200; m++)
  36   1              {
  37   2                      for(n = 0; n < 250; n++)
  38   2                      {
  39   3                              ;
  40   3                      }
  41   2              }
  42   1      }
  43          
  44          void main(void)
  45          {
  46   1              unsigned char i;
  47   1      
  48   1              TMOD = 0x20; // Timer 1 mode 2 (8-bit auto-reload)
  49   1              TH1 = 0xFD;      // Set reload value for Timer 1
  50   1              TL1 = 0xFD;  // Reload value for Timer 1
  51   1      
  52   1              SCON = 0xC0; // Serial port in mode 3
  53   1              PCON = 0x00; // Baud rate 9600bit/s
  54   1      
  55   1              TR1 = 1;     // Timer 1 activated
C51 COMPILER V9.01   U1_EX52_SEND                                                          08/02/2024 15:36:00 PAGE 2   

  56   1      
  57   1              while(1)
  58   1              {
  59   2                      for(i = 0; i < 8; i++)
  60   2                      {
  61   3                              send(tab[i]); // Send data every 150ms
  62   3                              delay();
  63   3                      }
  64   2              }
  65   1      }
  66          


MODULE INFORMATION:   STATIC OVERLAYABLE
   CODE SIZE        =     63    ----
   CONSTANT SIZE    =      8    ----
   XDATA SIZE       =   ----    ----
   PDATA SIZE       =   ----    ----
   DATA SIZE        =   ----    ----
   IDATA SIZE       =   ----    ----
   BIT SIZE         =   ----    ----
END OF MODULE INFORMATION.


C51 COMPILATION COMPLETE.  0 WARNING(S),  0 ERROR(S)
