C51 COMPILER V9.01   EX6                                                                   06/28/2024 16:14:38 PAGE 1   


C51 COMPILER V9.01, COMPILATION OF MODULE EX6
OBJECT MODULE PLACED IN ex6.OBJ
COMPILER INVOKED BY: C:\Keil_v5_C51\C51\BIN\C51.EXE ex6.c BROWSE DEBUG OBJECTEXTEND

line level    source

   1          // ex6
   2          #include <reg51.h>
   3          
   4          void delay(void)
   5          {
   6   1              unsigned char i, j;
   7   1              for(i = 0; i < 250; i++)
   8   1              {
   9   2                      for(j = 0; j < 250; j++)
  10   2                      {
  11   3                              ;
  12   3                      }
  13   2              }
  14   1      }
  15          
  16          void main(void)
  17          {
  18   1         while(1)
  19   1         {
  20   2                      P3 = 0xFE;
  21   2                      delay();
  22   2                      P3 = 0xFD;
  23   2                      delay();
  24   2                      P3 = 0xFB;
  25   2                      delay();
  26   2                      P3 = 0xF7;
  27   2                      delay();
  28   2                      P3 = 0xEF;
  29   2                      delay();
  30   2                      P3 = 0xDF;
  31   2                      delay();
  32   2                      P3 = 0xBF;
  33   2                      delay();
  34   2                      P3 = 0x7F;
  35   2                      delay();
  36   2         }
  37   1      }


MODULE INFORMATION:   STATIC OVERLAYABLE
   CODE SIZE        =     63    ----
   CONSTANT SIZE    =   ----    ----
   XDATA SIZE       =   ----    ----
   PDATA SIZE       =   ----    ----
   DATA SIZE        =   ----    ----
   IDATA SIZE       =   ----    ----
   BIT SIZE         =   ----    ----
END OF MODULE INFORMATION.


C51 COMPILATION COMPLETE.  0 WARNING(S),  0 ERROR(S)
