C51 COMPILER V9.01   EX4                                                                   06/28/2024 10:33:33 PAGE 1   


C51 COMPILER V9.01, COMPILATION OF MODULE EX4
OBJECT MODULE PLACED IN ex4.OBJ
COMPILER INVOKED BY: C:\Keil_v5_C51\C51\BIN\C51.EXE ex4.c BROWSE DEBUG OBJECTEXTEND

line level    source

   1          // example 4:
   2          // use a mcu to control an LED to flash, and recognize the working frequency
   3          // of the mcu
   4          #include <reg51.h>
   5          
   6          /*
   7                  feature: delay
   8                  note: no return value and param needed
   9          */
  10          void delay(void)
  11          {
  12   1              unsigned int i;
  13   1      
  14   1              for(i = 0; i < 20000; i++)
  15   1              {
  16   2                      ; // do nothing
  17   2              }
  18   1      }
  19          
  20          /*
  21                  feature: main function
  22          */
  23          void main(void)
  24          {
  25   1              while(1)  // infinite loop
  26   1              {
  27   2                      P1 = 0xFE; // P1 = 1111 1110B, P1.0 output low level
  28   2                      delay();   // delay for a while
  29   2                      P1 = 0xFF; // P1 = 1111 1111B, P1.0 output high level
  30   2                      delay();
  31   2              }
  32   1      }


MODULE INFORMATION:   STATIC OVERLAYABLE
   CODE SIZE        =     29    ----
   CONSTANT SIZE    =   ----    ----
   XDATA SIZE       =   ----    ----
   PDATA SIZE       =   ----    ----
   DATA SIZE        =   ----    ----
   IDATA SIZE       =   ----    ----
   BIT SIZE         =   ----    ----
END OF MODULE INFORMATION.


C51 COMPILATION COMPLETE.  0 WARNING(S),  0 ERROR(S)
