C51 COMPILER V9.01   EX42                                                                  06/28/2024 18:00:32 PAGE 1   


C51 COMPILER V9.01, COMPILATION OF MODULE EX42
OBJECT MODULE PLACED IN ex42.OBJ
COMPILER INVOKED BY: C:\Keil_v5_C51\C51\BIN\C51.EXE ex42.c BROWSE DEBUG OBJECTEXTEND

line level    source

   1          // example 42:
   2          #include <reg51.h>
   3          
   4          void main(void)
   5          {       
   6   1              TMOD = 0x01; // timer0 in mode1
   7   1              TH0 = (65536 - 46083) / 256; // high 8 bits of timer0 assigned
   8   1              TL0 = (65536 - 46083) % 256; // low 8 bits of timer0 assigned
   9   1              TR0 = 1; // enable timer0
  10   1      
  11   1              P2 = 0xFF; // turn off all led
  12   1      
  13   1              while(1)
  14   1              {
  15   2                      while(1)
  16   2                      {
  17   3                              // check timer flag to confirm whether timer0 is overflowed
  18   3                              // if not overflowed then loop for doing nothing
  19   3                              while(TF0 == 0);
  20   3      
  21   3                              // TF0 is overflowed
  22   3                              TF0 = 0; // when timer is up, then reset it from 1 to 0
  23   3                              P2 = ~P2; // reverse all leds bit by bit
  24   3      
  25   3                              // reassign timer value
  26   3                              TH0 = (65536 - 46083) / 256;
  27   3                              TL0 = (65536 - 46083) % 256;
  28   3                      }       
  29   2              }
  30   1      }


MODULE INFORMATION:   STATIC OVERLAYABLE
   CODE SIZE        =     30    ----
   CONSTANT SIZE    =   ----    ----
   XDATA SIZE       =   ----    ----
   PDATA SIZE       =   ----    ----
   DATA SIZE        =   ----    ----
   IDATA SIZE       =   ----    ----
   BIT SIZE         =   ----    ----
END OF MODULE INFORMATION.


C51 COMPILATION COMPLETE.  0 WARNING(S),  0 ERROR(S)
