C51 COMPILER V9.01   EX7                                                                   06/28/2024 16:23:39 PAGE 1   


C51 COMPILER V9.01, COMPILATION OF MODULE EX7
OBJECT MODULE PLACED IN ex7.OBJ
COMPILER INVOKED BY: C:\Keil_v5_C51\C51\BIN\C51.EXE ex7.c BROWSE DEBUG OBJECTEXTEND

line level    source

   1          // ex7
   2          #include <reg51.h>
   3          
   4          sfr x = 0xB0;  // address of Port 3
   5          
   6          void delay(void)
   7          {
   8   1              unsigned char i, j;
   9   1              for(i = 0; i < 250; i++)
  10   1              {
  11   2                      for(j = 0; j < 250; j++)
  12   2                      {
  13   3                              ;
  14   3                      }
  15   2              }
  16   1      }
  17          
  18          
  19          void main(void)
  20          {
  21   1              x = 0xFE;
  22   1              delay();
  23   1              x = 0xFD;       
  24   1              delay();
  25   1              x = 0xFB;
  26   1              delay();
  27   1              x = 0xF7;
  28   1              delay();
  29   1              x = 0xEF;
  30   1              delay();
  31   1              x = 0xDF;
  32   1              delay();
  33   1              x = 0xBF;
  34   1              delay();
  35   1              x = 0x7F;
  36   1              delay();
  37   1      }


MODULE INFORMATION:   STATIC OVERLAYABLE
   CODE SIZE        =     61    ----
   CONSTANT SIZE    =   ----    ----
   XDATA SIZE       =   ----    ----
   PDATA SIZE       =   ----    ----
   DATA SIZE        =   ----    ----
   IDATA SIZE       =   ----    ----
   BIT SIZE         =   ----    ----
END OF MODULE INFORMATION.


C51 COMPILATION COMPLETE.  0 WARNING(S),  0 ERROR(S)
