C51 COMPILER V9.01   EX48_U2                                                               07/01/2024 15:28:49 PAGE 1   


C51 COMPILER V9.01, COMPILATION OF MODULE EX48_U2
OBJECT MODULE PLACED IN ex48_U2.OBJ
COMPILER INVOKED BY: C:\Keil_v5_C51\C51\BIN\C51.EXE ex48_U2.c BROWSE DEBUG OBJECTEXTEND

line level    source

   1          // ex48
   2          // Timer0 works in method2 to mesure the positive pulse width
   3          #include <reg51.h>
   4          sbit ui = P3 ^ 2; // INT0 pin
   5          
   6          void main(void)
   7          {
   8   1              TMOD = 0x0A; // Configure Timer0 to operate in Mode2 with GATE set to 1
   9   1              EA = 1; // Enable global interrupt
  10   1              ET0 = 0; // Disable Timer0 interrupt
  11   1              TR0 = 1; // Enable Timer0
  12   1              TH0 = 0; //     Initilize high 8-bits for Timer0
  13   1              TL0 = 0; //     Reload value for Timer0 
  14   1      
  15   1              while(1)
  16   1              {
  17   2                      while(ui == 0); // Timer0 wouldn't work when INT0 is in low level
  18   2      
  19   2                      TL0 = 0; // INT0 is in high level, Timer0 ready to count and set it to a initilized value
  20   2      
  21   2                      while(ui == 1); // Timer0 is counting while INT0 is in hight level
  22   2      
  23   2                      P1 = TL0; // Send counting consequency to P1
  24   2              }
  25   1      }


MODULE INFORMATION:   STATIC OVERLAYABLE
   CODE SIZE        =     28    ----
   CONSTANT SIZE    =   ----    ----
   XDATA SIZE       =   ----    ----
   PDATA SIZE       =   ----    ----
   DATA SIZE        =   ----    ----
   IDATA SIZE       =   ----    ----
   BIT SIZE         =   ----    ----
END OF MODULE INFORMATION.


C51 COMPILATION COMPLETE.  0 WARNING(S),  0 ERROR(S)
