C51 COMPILER V9.01   EX5                                                                   06/28/2024 11:13:06 PAGE 1   


C51 COMPILER V9.01, COMPILATION OF MODULE EX5
OBJECT MODULE PLACED IN ex5.OBJ
COMPILER INVOKED BY: C:\Keil_v5_C51\C51\BIN\C51.EXE ex5.c BROWSE DEBUG OBJECTEXTEND

line level    source

   1          #include <reg51.h>
   2          
   3          void main(void)
   4          {
   5   1              while(1)
   6   1              {
   7   2                      P1 = 0xFF;
   8   2                      P0 = P1;
   9   2                      P2 = P1;
  10   2                      P3 = P1;
  11   2              }
  12   1      }


MODULE INFORMATION:   STATIC OVERLAYABLE
   CODE SIZE        =     14    ----
   CONSTANT SIZE    =   ----    ----
   XDATA SIZE       =   ----    ----
   PDATA SIZE       =   ----    ----
   DATA SIZE        =   ----    ----
   IDATA SIZE       =   ----    ----
   BIT SIZE         =   ----    ----
END OF MODULE INFORMATION.


C51 COMPILATION COMPLETE.  0 WARNING(S),  0 ERROR(S)
