C51 COMPILER V9.01   EX59                                                                  08/05/2024 14:13:15 PAGE 1   


C51 COMPILER V9.01, COMPILATION OF MODULE EX59
OBJECT MODULE PLACED IN ex59.OBJ
COMPILER INVOKED BY: C:\Keil_v5_C51\C51\BIN\C51.EXE ex59.c BROWSE DEBUG OBJECTEXTEND

line level    source

   1          // example 59:
   2          // Stand-alone keyboard input experiments without software debounce
   3          #include <reg51.h>
   4          
   5          sbit S1 = P1^4; // Define s1 as P1.4
   6          sbit LED0 = P3^0; // Define LED0 as P3.0
   7          
   8          void main(void)
   9          {
  10   1              LED0 = 0; // P3.0 output low level as default
  11   1      
  12   1              while(1)
  13   1              {
  14   2                      // If P1.4 output low level then button s1 has been pressed
  15   2                      if(S1 == 0) 
  16   2                      {
  17   3                  LED0 = !LED0; // Toggle P3.0 the status of P3.0
  18   3                      }
  19   2              }
  20   1      }


MODULE INFORMATION:   STATIC OVERLAYABLE
   CODE SIZE        =      9    ----
   CONSTANT SIZE    =   ----    ----
   XDATA SIZE       =   ----    ----
   PDATA SIZE       =   ----    ----
   DATA SIZE        =   ----    ----
   IDATA SIZE       =   ----    ----
   BIT SIZE         =   ----    ----
END OF MODULE INFORMATION.


C51 COMPILATION COMPLETE.  0 WARNING(S),  0 ERROR(S)
