C51 COMPILER V9.01   EX56                                                                  08/05/2024 11:03:35 PAGE 1   


C51 COMPILER V9.01, COMPILATION OF MODULE EX56
OBJECT MODULE PLACED IN ex56.OBJ
COMPILER INVOKED BY: C:\Keil_v5_C51\C51\BIN\C51.EXE ex56.c BROWSE DEBUG OBJECTEXTEND

line level    source

   1          // example 56:
   2          // The LED digital tube displays the number 0~9 in a loop
   3          #include <reg51.h>
   4          
   5          // Delay 200ms
   6          void delay(void)
   7          {
   8   1              unsigned char i, j;
   9   1              for(i = 0; i < 255; i++)
  10   1              {
  11   2                      for(j = 0; j < 255; j++)
  12   2                      {
  13   3                      }
  14   2              }
  15   1      }
  16          
  17          void main(void)
  18          {
  19   1              unsigned char i;
  20   1              // The keyword "code" could reduce the storage of the array
  21   1              unsigned char code tab[10] = {0xC0, 0xF9, 0xA4, 0xB0, 0x99,
  22   1                                                                        0x92, 0x82, 0xF8, 0x80, 0x90  
  23   1              };
  24   1      
  25   1              P2 = 0xFE; // P2.0 output low level to enable digital tube
  26   1      
  27   1              // infinite loop
  28   1              while(1)
  29   1              {
  30   2                      for(i = 0; i < 10; i++)
  31   2                      {
  32   3                              P0 = tab[i];
  33   3                              delay();        
  34   3                              P0 = 0xFF;
  35   3                              // delay();     
  36   3                      }       
  37   2              }
  38   1      }


MODULE INFORMATION:   STATIC OVERLAYABLE
   CODE SIZE        =     37    ----
   CONSTANT SIZE    =     10    ----
   XDATA SIZE       =   ----    ----
   PDATA SIZE       =   ----    ----
   DATA SIZE        =   ----    ----
   IDATA SIZE       =   ----    ----
   BIT SIZE         =   ----    ----
END OF MODULE INFORMATION.


C51 COMPILATION COMPLETE.  0 WARNING(S),  0 ERROR(S)
