C51 COMPILER V9.01   EX60                                                                  08/05/2024 14:25:15 PAGE 1   


C51 COMPILER V9.01, COMPILATION OF MODULE EX60
OBJECT MODULE PLACED IN ex60.OBJ
COMPILER INVOKED BY: C:\Keil_v5_C51\C51\BIN\C51.EXE ex60.c BROWSE DEBUG OBJECTEXTEND

line level    source

   1          // example 60:
   2          // Stand-alone keyboard input experiment with software debounce
   3          #include <reg51.h>
   4          
   5          sbit S1 = P1^4;     // s1 as P1.4
   6          sbit LED0 = P3^0;   // LED0 as P3.0
   7          
   8          // delay around 30ms
   9          void delay(void)
  10          {
  11   1          unsigned char i, j;
  12   1      
  13   1          for(i = 0; i < 100; i++)
  14   1          {
  15   2              for(j = 0; j < 100; j++)
  16   2              {
  17   3              
  18   3              }
  19   2          }
  20   1      }
  21          
  22          void main(void)
  23          {
  24   1          LED0 = 0; // P3.0 output low level
  25   1      
  26   1          while(1)
  27   1          {
  28   2              if(S1 == 0) // P1.4 at low level when s1 is pressed
  29   2              {
  30   3                  delay(); // delay for a while for debouncing
  31   3      
  32   3                  if(S1 == 0) // s1 pressed confirmed
  33   3                  {
  34   4                      LED0 = !LED0; // toggle P3.0            
  35   4                  }
  36   3              }
  37   2          }
  38   1      }


MODULE INFORMATION:   STATIC OVERLAYABLE
   CODE SIZE        =     28    ----
   CONSTANT SIZE    =   ----    ----
   XDATA SIZE       =   ----    ----
   PDATA SIZE       =   ----    ----
   DATA SIZE        =   ----    ----
   IDATA SIZE       =   ----    ----
   BIT SIZE         =   ----    ----
END OF MODULE INFORMATION.


C51 COMPILATION COMPLETE.  0 WARNING(S),  0 ERROR(S)
