C51 COMPILER V9.01   EX80                                                                  09/12/2024 15:45:17 PAGE 1   


C51 COMPILER V9.01, COMPILATION OF MODULE EX80
OBJECT MODULE PLACED IN ex80.OBJ
COMPILER INVOKED BY: C:\Keil_v5_C51\C51\BIN\C51.EXE ex80.c BROWSE DEBUG OBJECTEXTEND

line level    source

   1             //实例80：基于DS1302的日历时钟
   2          #include<reg51.h>     //包含单片机寄存器的头文件
   3          #include<intrins.h>   //包含_nop_()函数定义的头文件
   4          /***********************************************************************
   5          以下是DS1302芯片的操作程序
   6          ************************************************************************/
   7          unsigned char code digit[10]={"0123456789"};   //定义字符数组显示数字
   8          sbit DATA=P1^1;   //位定义1302芯片的接口，数据输出端定义在P1.1引脚
   9          sbit RST=P1^2;    //位定义1302芯片的接口，复位端口定义在P1.1引脚
  10          sbit SCLK=P1^0;   //位定义1302芯片的接口，时钟输出端口定义在P1.1引脚
  11          /*****************************************************
  12          函数功能：延时若干微秒
  13          入口参数：n
  14          ***************************************************/ 
  15          void delaynus(unsigned char n)
  16          {
  17   1       unsigned char i;
  18   1       for(i=0;i<n;i++)
  19   1            ;
  20   1      }
  21          /*****************************************************
  22          函数功能：向1302写一个字节数据
  23          入口参数：x
  24          ***************************************************/ 
  25          void Write1302(unsigned char dat)
  26          {
  27   1        unsigned char i; 
  28   1        SCLK=0;            //拉低SCLK，为脉冲上升沿写入数据做好准备
  29   1        delaynus(2);       //稍微等待，使硬件做好准备
  30   1        for(i=0;i<8;i++)      //连续写8个二进制位数据
  31   1          {
  32   2                  DATA=dat&0x01;    //取出dat的第0位数据写入1302
  33   2                      delaynus(2);       //稍微等待，使硬件做好准备
  34   2                       SCLK=1;           //上升沿写入数据
  35   2                       delaynus(2);      //稍微等待，使硬件做好准备
  36   2                       SCLK=0;           //重新拉低SCLK，形成脉冲
  37   2                       dat>>=1;          //将dat的各数据位右移1位，准备写入下一个数据位
  38   2                }
  39   1              
  40   1       }
  41          /*****************************************************
  42          函数功能：根据命令字，向1302写一个字节数据
  43          入口参数：Cmd，储存命令字；dat，储存待写的数据
  44          ***************************************************/ 
  45          void WriteSet1302(unsigned char Cmd,unsigned char dat)
  46           {
  47   1         RST=0;           //禁止数据传递
  48   1         SCLK=0;          //确保写数居前SCLK被拉低
  49   1              RST=1;           //启动数据传输
  50   1              delaynus(2);     //稍微等待，使硬件做好准备
  51   1              Write1302(Cmd);  //写入命令字
  52   1              Write1302(dat);  //写数据
  53   1              SCLK=1;          //将时钟电平置于已知状态
  54   1              RST=0;           //禁止数据传递
  55   1       }
C51 COMPILER V9.01   EX80                                                                  09/12/2024 15:45:17 PAGE 2   

  56          /*****************************************************
  57          函数功能：从1302读一个字节数据
  58          入口参数：x
  59          ***************************************************/ 
  60           unsigned char Read1302(void)
  61           {
  62   1         unsigned char i,dat;
  63   1              delaynus(2);       //稍微等待，使硬件做好准备
  64   1              for(i=0;i<8;i++)   //连续读8个二进制位数据
  65   1               {
  66   2                 dat>>=1;       //将dat的各数据位右移1位，因为先读出的是字节的最低位
  67   2                      if(DATA==1)    //如果读出的数据是1
  68   2                       dat|=0x80;    //将1取出，写在dat的最高位
  69   2                       SCLK=1;       //将SCLK置于高电平，为下降沿读出
  70   2                       delaynus(2);  //稍微等待
  71   2                       SCLK=0;       //拉低SCLK，形成脉冲下降沿
  72   2                       delaynus(2);  //稍微等待
  73   2                }      
  74   1        return dat;        //将读出的数据返回
  75   1      }  
  76          /*****************************************************
  77          函数功能：根据命令字，从1302读取一个字节数据
  78          入口参数：Cmd
  79          ***************************************************/ 
  80          unsigned char  ReadSet1302(unsigned char Cmd)
  81           {
  82   1        unsigned char dat;
  83   1        RST=0;                 //拉低RST
  84   1        SCLK=0;                //确保写数居前SCLK被拉低
  85   1        RST=1;                 //启动数据传输
  86   1        Write1302(Cmd);       //写入命令字
  87   1        dat=Read1302();       //读出数据
  88   1        SCLK=1;              //将时钟电平置于已知状态
  89   1        RST=0;               //禁止数据传递
  90   1        return dat;          //将读出的数据返回
  91   1      }
  92          /*****************************************************
  93          函数功能： 1302进行初始化设置
  94          ***************************************************/ 
  95          void Init_DS1302(void)
  96          {       
  97   1         WriteSet1302(0x8E,0x00);                 //根据写状态寄存器命令字，写入不保护指令 
  98   1         WriteSet1302(0x80,((0/10)<<4|(0%10)));   //根据写秒寄存器命令字，写入秒的初始值
  99   1              WriteSet1302(0x82,((0/10)<<4|(0%10)));   //根据写分寄存器命令字，写入分的初始值
 100   1              WriteSet1302(0x84,((12/10)<<4|(12%10))); //根据写小时寄存器命令字，写入小时的初始值
 101   1              WriteSet1302(0x86,((16/10)<<4|(16%10))); //根据写日寄存器命令字，写入日的初始值
 102   1              WriteSet1302(0x88,((11/10)<<4|(11%10))); //根据写月寄存器命令字，写入月的初始值
 103   1              // WriteSet1302(0x8c,((8/10)<<4|(8%10)));   //根据写小时寄存器命令字，写入小时的初始值
 104   1              WriteSet1302(0x8c, 0x16);
 105   1      }
 106          /*******************************************************************************
 107          以下是对液晶模块的操作程序
 108          *******************************************************************************/
 109          sbit RS=P2^0;           //寄存器选择位，将RS位定义为P2.0引脚
 110          sbit RW=P2^1;           //读写选择位，将RW位定义为P2.1引脚
 111          sbit E=P2^2;            //使能信号位，将E位定义为P2.2引脚
 112          sbit BF=P0^7;           //忙碌标志位，，将BF位定义为P0.7引脚
 113          /*****************************************************
 114          函数功能：延时1ms
 115          (3j+2)*i=(3×33+2)×10=1010(微秒)，可以认为是1毫秒
 116          ***************************************************/
 117          void delay1ms()
C51 COMPILER V9.01   EX80                                                                  09/12/2024 15:45:17 PAGE 3   

 118          {
 119   1         unsigned char i,j;   
 120   1               for(i=0;i<10;i++)
 121   1                for(j=0;j<33;j++)
 122   1                 ;             
 123   1       }
 124          /*****************************************************
 125          函数功能：延时若干毫秒
 126          入口参数：n
 127          ***************************************************/
 128           void delaynms(unsigned char n)
 129           {
 130   1         unsigned char i;
 131   1              for(i=0;i<n;i++)
 132   1                 delay1ms();
 133   1       }
 134          /*****************************************************
 135          函数功能：判断液晶模块的忙碌状态
 136          返回值：result。result=1，忙碌;result=0，不忙
 137          ***************************************************/
 138          bit BusyTest(void)
 139            {
 140   1          bit result;
 141   1              RS=0;       //根据规定，RS为低电平，RW为高电平时，可以读状态
 142   1          RW=1;
 143   1          E=1;        //E=1，才允许读写
 144   1          _nop_();   //空操作
 145   1          _nop_();
 146   1          _nop_(); 
 147   1          _nop_();   //空操作四个机器周期，给硬件反应时间     
 148   1          result=BF;  //将忙碌标志电平赋给result
 149   1         E=0;         //将E恢复低电平
 150   1         return result;
 151   1        }
 152          /*****************************************************
 153          函数功能：将模式设置指令或显示地址写入液晶模块
 154          入口参数：dictate
 155          ***************************************************/
 156          void WriteInstruction (unsigned char dictate)
 157          {   
 158   1          while(BusyTest()==1);   //如果忙就等待
 159   1               RS=0;                  //根据规定，RS和R/W同时为低电平时，可以写入指令
 160   1               RW=0;   
 161   1               E=0;                   //E置低电平(根据表8-6，写指令时，E为高脉冲，
 162   1                                 // 就是让E从0到1发生正跳变，所以应先置"0"
 163   1               _nop_();
 164   1               _nop_();               //空操作两个机器周期，给硬件反应时间
 165   1               P0=dictate;            //将数据送入P0口，即写入指令或地址
 166   1               _nop_();
 167   1               _nop_();
 168   1               _nop_();
 169   1               _nop_();               //空操作四个机器周期，给硬件反应时间
 170   1               E=1;                   //E置高电平
 171   1               _nop_();
 172   1               _nop_();
 173   1               _nop_();
 174   1               _nop_();               //空操作四个机器周期，给硬件反应时间
 175   1                E=0;                  //当E由高电平跳变成低电平时，液晶模块开始执行命令
 176   1       }
 177          /*****************************************************
 178          函数功能：指定字符显示的实际地址
 179          入口参数：x
C51 COMPILER V9.01   EX80                                                                  09/12/2024 15:45:17 PAGE 4   

 180          ***************************************************/
 181           void WriteAddress(unsigned char x)
 182           {
 183   1           WriteInstruction(x|0x80); //显示位置的确定方法规定为"80H+地址码x"
 184   1       }
 185          /*****************************************************
 186          函数功能：将数据(字符的标准ASCII码)写入液晶模块
 187          入口参数：y(为字符常量)
 188          ***************************************************/
 189           void WriteData(unsigned char y)
 190           {
 191   1          while(BusyTest()==1);  
 192   1                RS=1;           //RS为高电平，RW为低电平时，可以写入数据
 193   1                RW=0;
 194   1                E=0;            //E置低电平(根据表8-6，写指令时，E为高脉冲，
 195   1                           // 就是让E从0到1发生正跳变，所以应先置"0"
 196   1                P0=y;           //将数据送入P0口，即将数据写入液晶模块
 197   1                _nop_();
 198   1                _nop_();
 199   1                _nop_();
 200   1           _nop_();       //空操作四个机器周期，给硬件反应时间
 201   1                E=1;           //E置高电平
 202   1                _nop_();
 203   1                _nop_();
 204   1                _nop_();
 205   1               _nop_();        //空操作四个机器周期，给硬件反应时间
 206   1               E=0;            //当E由高电平跳变成低电平时，液晶模块开始执行命令
 207   1       }
 208          /*****************************************************
 209          函数功能：对LCD的显示模式进行初始化设置
 210          ***************************************************/
 211          void LcdInitiate(void)
 212          {
 213   1          delaynms(15);               //延时15ms，首次写指令时应给LCD一段较长的反应时间
 214   1          WriteInstruction(0x38);     //显示模式设置：16×2显示，5×7点阵，8位数据接口
 215   1              delaynms(5);                //延时5ms　，给硬件一点反应时间
 216   1          WriteInstruction(0x38);
 217   1              delaynms(5);               //延时5ms　，给硬件一点反应时间
 218   1              WriteInstruction(0x38);     //连续三次，确保初始化成功
 219   1              delaynms(5);               //延时5ms　，给硬件一点反应时间
 220   1              WriteInstruction(0x0c);     //显示模式设置：显示开，无光标，光标不闪烁
 221   1              delaynms(5);               //延时5ms　，给硬件一点反应时间
 222   1              WriteInstruction(0x06);     //显示模式设置：光标右移，字符不移
 223   1              delaynms(5);                //延时5ms　，给硬件一点反应时间
 224   1              WriteInstruction(0x01);     //清屏幕指令，将以前的显示内容清除
 225   1              delaynms(5);             //延时5ms　，给硬件一点反应时间
 226   1      
 227   1       }
 228          /**************************************************************
 229          以下是1302数据的显示程序
 230          **************************************************************/
 231          /*****************************************************
 232          函数功能：显示秒
 233          入口参数：x
 234          ***************************************************/ 
 235          void DisplaySecond(unsigned char x)
 236          {
 237   1       unsigned char i,j;     //j,k,l分别储存温度的百位、十位和个位
 238   1              i=x/10;//取十位
 239   1              j=x%10;//取个位     
 240   1              WriteAddress(0x49);    //写显示地址,将在第2行第7列开始显示
 241   1              WriteData(digit[i]);    //将百位数字的字符常量写入LCD
C51 COMPILER V9.01   EX80                                                                  09/12/2024 15:45:17 PAGE 5   

 242   1              WriteData(digit[j]);    //将十位数字的字符常量写入LCD
 243   1              delaynms(50);         //延时1ms给硬件一点反应时间    
 244   1       }
 245          
 246          /*****************************************************
 247          函数功能：显示分钟
 248          入口参数：x
 249          ***************************************************/ 
 250          void DisplayMinute(unsigned char x)
 251          {
 252   1       unsigned char i,j;     //j,k,l分别储存温度的百位、十位和个位
 253   1              i=x/10;//取十位
 254   1              j=x%10;//取个位     
 255   1              WriteAddress(0x46);    //写显示地址,将在第2行第7列开始显示
 256   1              WriteData(digit[i]);    //将百位数字的字符常量写入LCD
 257   1              WriteData(digit[j]);    //将十位数字的字符常量写入LCD
 258   1              delaynms(50);         //延时1ms给硬件一点反应时间    
 259   1       }
 260          /*****************************************************
 261          函数功能：显示小时
 262          入口参数：x
 263          ***************************************************/ 
 264          void DisplayHour(unsigned char x)
 265          {
 266   1       unsigned char i,j;     //j,k,l分别储存温度的百位、十位和个位
 267   1              i=x/10;//取十位
 268   1              j=x%10;//取个位     
 269   1              WriteAddress(0x43);    //写显示地址,将在第2行第7列开始显示
 270   1              WriteData(digit[i]);    //将百位数字的字符常量写入LCD
 271   1              WriteData(digit[j]);    //将十位数字的字符常量写入LCD
 272   1              delaynms(50);         //延时1ms给硬件一点反应时间    
 273   1       }
 274           /*****************************************************
 275          函数功能：显示日
 276          入口参数：x
 277          ***************************************************/ 
 278          void DisplayDay(unsigned char x)
 279          {
 280   1       unsigned char i,j;     //j,k,l分别储存温度的百位、十位和个位
 281   1              i=x/10;//取十位
 282   1              j=x%10;//取个位     
 283   1              WriteAddress(0x0c);    //写显示地址,将在第2行第7列开始显示
 284   1              WriteData(digit[i]);    //将百位数字的字符常量写入LCD
 285   1              WriteData(digit[j]);    //将十位数字的字符常量写入LCD
 286   1              delaynms(50);         //延时1ms给硬件一点反应时间    
 287   1       }
 288           /*****************************************************
 289          函数功能：显示月
 290          入口参数：x
 291          ***************************************************/ 
 292          void DisplayMonth(unsigned char x)
 293          {
 294   1       unsigned char i,j;     //j,k,l分别储存温度的百位、十位和个位
 295   1              i=x/10;//取十位
 296   1              j=x%10;//取个位     
 297   1              WriteAddress(0x09);    //写显示地址,将在第2行第7列开始显示
 298   1              WriteData(digit[i]);    //将百位数字的字符常量写入LCD
 299   1              WriteData(digit[j]);    //将十位数字的字符常量写入LCD
 300   1              delaynms(50);         //延时1ms给硬件一点反应时间    
 301   1       }
 302          /*****************************************************
 303          函数功能：显示年
C51 COMPILER V9.01   EX80                                                                  09/12/2024 15:45:17 PAGE 6   

 304          入口参数：x
 305          ***************************************************/ 
 306          void DisplayYear(unsigned char x)
 307          {
 308   1       unsigned char i,j;     //j,k,l分别储存温度的百位、十位和个位
 309   1              i=x/10;//取十位
 310   1              j=x%10;//取个位     
 311   1              WriteAddress(0x06);    //写显示地址,将在第2行第7列开始显示
 312   1              WriteData(digit[i]);    //将百位数字的字符常量写入LCD
 313   1              WriteData(digit[j]);    //将十位数字的字符常量写入LCD
 314   1              delaynms(50);         //延时1ms给硬件一点反应时间    
 315   1       }
 316          
 317          /*****************************************************
 318          函数功能：主函数
 319          ***************************************************/ 
 320          void main(void)
 321          {
 322   1        unsigned char second,minute,hour,day,month,year;      //分别储存苗、分、小时，日，月，年
 323   1        unsigned char ReadValue;   //储存从1302读取的数据
 324   1        LcdInitiate();             //将液晶初始化
 325   1        WriteAddress(0x01);  //写Date的显示地址,将在第1行第2列开始显示
 326   1        WriteData('D');      //将字符常量写入LCD
 327   1        WriteData('a');      //将字符常量写入LCD
 328   1        WriteData('t');      //将字符常量写入LCD
 329   1        WriteData('e');      //将字符常量写入LCD
 330   1        WriteData(':');      //将字符常量写入LCD
 331   1        WriteAddress(0x08);  //写年月分隔符的显示地址， 显示在第1行第9列
 332   1        WriteData('-');      //将字符常量写入LCD
 333   1        WriteAddress(0x0b);  //写月日分隔符的显示地址， 显示在第1行第12列
 334   1        WriteData('-');      //将字符常量写入LCD
 335   1        WriteAddress(0x45);  //写小时与分钟分隔符的显示地址， 显示在第2行第6列
 336   1        WriteData(':');      //将字符常量写入LCD
 337   1        WriteAddress(0x48);  //写分钟与秒分隔符的显示地址， 显示在第2行第9列
 338   1        WriteData(':');      //将字符常量写入LCD
 339   1        Init_DS1302();       //将1302初始化   
 340   1        while(1)
 341   1          {
 342   2                ReadValue = ReadSet1302(0x81);   //从秒寄存器读数据
 343   2           second=((ReadValue&0x70)>>4)*10 + (ReadValue&0x0F);//将读出数据转化
 344   2                DisplaySecond(second);          //显示秒
 345   2                ReadValue = ReadSet1302(0x83);  //从分寄存器读
 346   2           minute=((ReadValue&0x70)>>4)*10 + (ReadValue&0x0F); //将读出数据转化
 347   2                DisplayMinute(minute);               //显示分
 348   2           ReadValue = ReadSet1302(0x85);  //从分寄存器读
 349   2           hour=((ReadValue&0x70)>>4)*10 + (ReadValue&0x0F); //将读出数据转化
 350   2                DisplayHour(hour);                 //显示小时
 351   2           ReadValue = ReadSet1302(0x87);  //从分寄存器读
 352   2           day=((ReadValue&0x70)>>4)*10 + (ReadValue&0x0F); //将读出数据转化
 353   2                DisplayDay(day);                //显示日
 354   2                ReadValue = ReadSet1302(0x89);  //从分寄存器读
 355   2           month=((ReadValue&0x70)>>4)*10 + (ReadValue&0x0F); //将读出数据转化
 356   2                DisplayMonth(month);            //显示月
 357   2                ReadValue = ReadSet1302(0x8d);  //从分寄存器读
 358   2           year=((ReadValue&0x70)>>4)*10 + (ReadValue&0x0F); //将读出数据转化
 359   2                DisplayYear(year);              //显示年
 360   2               }
 361   1      }
 362          


MODULE INFORMATION:   STATIC OVERLAYABLE
C51 COMPILER V9.01   EX80                                                                  09/12/2024 15:45:17 PAGE 7   

   CODE SIZE        =    775    ----
   CONSTANT SIZE    =     10    ----
   XDATA SIZE       =   ----    ----
   PDATA SIZE       =   ----    ----
   DATA SIZE        =   ----       4
   IDATA SIZE       =   ----    ----
   BIT SIZE         =   ----       1
END OF MODULE INFORMATION.


C51 COMPILATION COMPLETE.  0 WARNING(S),  0 ERROR(S)
