C51 COMPILER V9.01   EX43                                                                  06/28/2024 18:32:23 PAGE 1   


C51 COMPILER V9.01, COMPILATION OF MODULE EX43
OBJECT MODULE PLACED IN ex43.OBJ
COMPILER INVOKED BY: C:\Keil_v5_C51\C51\BIN\C51.EXE ex43.c BROWSE DEBUG OBJECTEXTEND

line level    source

   1          // example 43
   2          #include <reg51.h>
   3          
   4          sbit sound = P3^7; 
   5          
   6          void main(void)
   7          {
   8   1              TMOD = 0x10; // set timer1 in mothod1
   9   1      //      TH1 = (65536 - 921) / 256;
  10   1      //      TL1 = (65536 - 921)     % 256;
  11   1              TH1 = (65536 - 461) / 256;
  12   1              TL1 = (65536 - 461) % 256;      
  13   1              TR1 = 1; // enable timer1
  14   1      
  15   1              while(1)
  16   1              {
  17   2                      while(TF1 == 0); // do nothing
  18   2      
  19   2                      TF1 = 0; // reset timer1 interrupt
  20   2                      sound = ~sound;
  21   2      
  22   2                      TH1 = (65536 - 461) / 256;
  23   2                      TL1 = (65536 - 461) % 256;
  24   2      
  25   2      //              TH1 = (65536 - 921) / 256;
  26   2      //              TL1 = (65536 - 921)     % 256;
  27   2              }
  28   1      }


MODULE INFORMATION:   STATIC OVERLAYABLE
   CODE SIZE        =     26    ----
   CONSTANT SIZE    =   ----    ----
   XDATA SIZE       =   ----    ----
   PDATA SIZE       =   ----    ----
   DATA SIZE        =   ----    ----
   IDATA SIZE       =   ----    ----
   BIT SIZE         =   ----    ----
END OF MODULE INFORMATION.


C51 COMPILATION COMPLETE.  0 WARNING(S),  0 ERROR(S)
